Started by user Leopoldo Reyes Carballo
Obtained pipelines/PIPELINE-FULL-CD/Jenkinsfile from git https://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@github.com/polo-reyes/todo-list-aws.git
[Pipeline] Start of Pipeline
[Pipeline] node
Running on Jenkins in /var/lib/jenkins/workspace/PIPELINE-FULL-CD
[Pipeline] {
[Pipeline] stage
[Pipeline] { (Declarative: Checkout SCM)
[Pipeline] checkout
Selected Git installation does not exist. Using Default
The recommended git tool is: NONE
No credentials specified
Cloning the remote Git repository
Cloning repository https://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@github.com/polo-reyes/todo-list-aws.git
 > git init /var/lib/jenkins/workspace/PIPELINE-FULL-CD # timeout=10
Fetching upstream changes from https://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@github.com/polo-reyes/todo-list-aws.git
 > git --version # timeout=10
 > git --version # 'git version 2.17.1'
 > git fetch --tags --progress -- https://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@github.com/polo-reyes/todo-list-aws.git +refs/heads/*:refs/remotes/origin/* # timeout=10
 > git config remote.origin.url https://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@github.com/polo-reyes/todo-list-aws.git # timeout=10
 > git config --add remote.origin.fetch +refs/heads/*:refs/remotes/origin/* # timeout=10
Avoid second fetch
 > git rev-parse refs/remotes/origin/master^{commit} # timeout=10
Checking out Revision da77e0b3f3a19c71d67fa2d8176bcb458fa454b4 (refs/remotes/origin/master)
 > git config core.sparsecheckout # timeout=10
 > git checkout -f da77e0b3f3a19c71d67fa2d8176bcb458fa454b4 # timeout=10
Commit message: "Cambios de los buckets predefinidos con los propios"
First time build. Skipping changelog.
[Pipeline] }
[Pipeline] // stage
[Pipeline] withEnv
[Pipeline] {
[Pipeline] stage
[Pipeline] { (Staging)
[Pipeline] echo
Starting staging job
[Pipeline] build (Building PIPELINE-FULL-STAGING)
Scheduling project: PIPELINE-FULL-STAGING
Starting building: PIPELINE-FULL-STAGING #93
[Pipeline] }
[Pipeline] // stage
[Pipeline] stage
[Pipeline] { (Merge)
[Pipeline] sh (Merging code to master)
+ set -x
+ git branch -a
* (HEAD detached at da77e0b)
  remotes/origin/develop
  remotes/origin/master
+ git checkout -b develop origin/develop
Previous HEAD position was da77e0b Cambios de los buckets predefinidos con los propios
Switched to a new branch 'develop'
Branch 'develop' set up to track remote branch 'develop' from 'origin'.
+ git checkout -b master origin/master
Switched to a new branch 'master'
Branch 'master' set up to track remote branch 'master' from 'origin'.
+ git merge develop
Updating da77e0b..8e6bf23
Fast-forward
 .gitignore                                  |   2 +
 .vscode/settings.json                       |  17 ++
 pipelines/PIPELINE-FULL-CD/Jenkinsfile      |   2 +-
 pipelines/PIPELINE-FULL-STAGING/Jenkinsfile |   4 +-
 src/todoList.py                             | 144 +++++++------
 test/integration/todoApiTest.py             |  19 +-
 test/unit/TestToDo.py                       | 324 +++++++++++++++++-----------
 7 files changed, 313 insertions(+), 199 deletions(-)
 create mode 100644 .vscode/settings.json
[Pipeline] sshagent
FATAL: [ssh-agent] Could not find specified credentials
[ssh-agent] Looking for ssh-agent implementation...
[ssh-agent]   Exec ssh-agent (binary ssh-agent on a remote machine)
$ ssh-agent
SSH_AUTH_SOCK=/tmp/ssh-f1bvdVma5Ufr/agent.10456
SSH_AGENT_PID=10459
[ssh-agent] Started.
[Pipeline] {
[Pipeline] sh
+ git push origin master
To https://github.com/polo-reyes/todo-list-aws.git
   da77e0b..8e6bf23  master -> master
[Pipeline] }
$ ssh-agent -k
unset SSH_AUTH_SOCK;
unset SSH_AGENT_PID;
echo Agent pid 10459 killed;
[ssh-agent] Stopped.
[Pipeline] // sshagent
[Pipeline] }
[Pipeline] // stage
[Pipeline] stage
[Pipeline] { (Production)
[Pipeline] echo
Starting production job
[Pipeline] build (Building PIPELINE-FULL-PRODUCTION)
Scheduling project: PIPELINE-FULL-PRODUCTION
Starting building: PIPELINE-FULL-PRODUCTION #3
[Pipeline] }
[Pipeline] // stage
[Pipeline] stage
[Pipeline] { (Declarative: Post Actions)
[Pipeline] echo
Clean env: delete dir
[Pipeline] cleanWs
[WS-CLEANUP] Deleting project workspace...
[WS-CLEANUP] Deferred wipeout is used...
[WS-CLEANUP] done
[Pipeline] }
[Pipeline] // stage
[Pipeline] }
[Pipeline] // withEnv
[Pipeline] }
[Pipeline] // node
[Pipeline] End of Pipeline
Finished: SUCCESS
